Detecting C [-std=c11] compiler features failed to compile with the following output:
Change Dir: /home/cris/CLionProjects/ExtraClase#2/cmake-build-debug/CMakeFiles/CMakeTmp

Run Build Command:"/usr/bin/make" "cmTC_2d73a/fast"
/usr/bin/make -f CMakeFiles/cmTC_2d73a.dir/build.make CMakeFiles/cmTC_2d73a.dir/build
make[1]: se entra en el directorio '/home/cris/CLionProjects/ExtraClase#2/cmake-build-debug/CMakeFiles/CMakeTmp'
make[1]: *** No hay ninguna regla para construir el objetivo '/home/cris/CLionProjects/ExtraClase', necesario para 'CMakeFiles/cmTC_2d73a.dir/feature_tests.c.o'.  Alto.
make[1]: se sale del directorio '/home/cris/CLionProjects/ExtraClase#2/cmake-build-debug/CMakeFiles/CMakeTmp'
Makefile:126: fallo en las instrucciones para el objetivo 'cmTC_2d73a/fast'
make: *** [cmTC_2d73a/fast] Error 2



Detecting CXX [-std=c++1z] compiler features failed to compile with the following output:
Change Dir: /home/cris/CLionProjects/ExtraClase#2/cmake-build-debug/CMakeFiles/CMakeTmp

Run Build Command:"/usr/bin/make" "cmTC_b89f3/fast"
/usr/bin/make -f CMakeFiles/cmTC_b89f3.dir/build.make CMakeFiles/cmTC_b89f3.dir/build
make[1]: se entra en el directorio '/home/cris/CLionProjects/ExtraClase#2/cmake-build-debug/CMakeFiles/CMakeTmp'
make[1]: *** No hay ninguna regla para construir el objetivo '/home/cris/CLionProjects/ExtraClase', necesario para 'CMakeFiles/cmTC_b89f3.dir/feature_tests.cxx.o'.  Alto.
make[1]: se sale del directorio '/home/cris/CLionProjects/ExtraClase#2/cmake-build-debug/CMakeFiles/CMakeTmp'
Makefile:126: fallo en las instrucciones para el objetivo 'cmTC_b89f3/fast'
make: *** [cmTC_b89f3/fast] Error 2



